0 info it worked if it ends with ok
1 verbose cli [ 'node', '/usr/local/bin/npm', 'install', 'cookieDecoder' ]
2 info using npm@1.4.3
3 info using node@v0.10.26
4 warn package.json sleep@1.1.4 'repositories' (plural) Not supported. Please pick one as the 'repository' field
5 verbose readDependencies using package.json deps
6 verbose cache add [ 'cookieDecoder', null ]
7 verbose cache add name=undefined spec="cookieDecoder" args=["cookieDecoder",null]
8 verbose parsed url { protocol: null,
8 verbose parsed url   slashes: null,
8 verbose parsed url   auth: null,
8 verbose parsed url   host: null,
8 verbose parsed url   port: null,
8 verbose parsed url   hostname: null,
8 verbose parsed url   hash: null,
8 verbose parsed url   search: null,
8 verbose parsed url   query: null,
8 verbose parsed url   pathname: 'cookieDecoder',
8 verbose parsed url   path: 'cookieDecoder',
8 verbose parsed url   href: 'cookieDecoder' }
9 silly lockFile 0d42b3f9-cookieDecoder cookieDecoder
10 verbose lock cookieDecoder /Users/simcl/.npm/0d42b3f9-cookieDecoder.lock
11 silly lockFile 0d42b3f9-cookieDecoder cookieDecoder
12 silly lockFile 0d42b3f9-cookieDecoder cookieDecoder
13 verbose addNamed [ 'cookieDecoder', '' ]
14 verbose addNamed [ null, '*' ]
15 silly lockFile 384b3a96-cookieDecoder cookieDecoder@
16 verbose lock cookieDecoder@ /Users/simcl/.npm/384b3a96-cookieDecoder.lock
17 silly addNameRange { name: 'cookieDecoder', range: '*', hasData: false }
18 verbose url raw cookieDecoder
19 verbose url resolving [ 'https://registry.npmjs.org/', './cookieDecoder' ]
20 verbose url resolved https://registry.npmjs.org/cookieDecoder
21 info trying registry request attempt 1 at 21:24:04
22 http GET https://registry.npmjs.org/cookieDecoder
23 http 404 https://registry.npmjs.org/cookieDecoder
24 silly registry.get cb [ 404,
24 silly registry.get   { date: 'Fri, 02 May 2014 12:24:05 GMT',
24 silly registry.get     server: 'CouchDB/1.5.0 (Erlang OTP/R14B04)',
24 silly registry.get     'content-type': 'application/json',
24 silly registry.get     via: '1.1 varnish',
24 silly registry.get     'cache-control': 'max-age=0',
24 silly registry.get     'content-length': '52',
24 silly registry.get     'accept-ranges': 'bytes',
24 silly registry.get     age: '0',
24 silly registry.get     'x-served-by': 'cache-v42-ASH, cache-ty67-TYO',
24 silly registry.get     'x-cache': 'MISS, MISS',
24 silly registry.get     'x-cache-hits': '0, 0',
24 silly registry.get     'x-timer': 'S1399033445.420137644,VS0,VS78,VE88,VE164',
24 silly registry.get     'keep-alive': 'timeout=10, max=50',
24 silly registry.get     connection: 'Keep-Alive' } ]
25 silly lockFile 384b3a96-cookieDecoder cookieDecoder@
26 silly lockFile 384b3a96-cookieDecoder cookieDecoder@
27 error 404 'cookieDecoder' is not in the npm registry.
27 error 404 You should bug the author to publish it
27 error 404 It was specified as a dependency of 'application-name'
27 error 404
27 error 404 Note that you can also install from a
27 error 404 tarball, folder, or http url, or git url.
28 error System Darwin 13.1.0
29 error command "node" "/usr/local/bin/npm" "install" "cookieDecoder"
30 error cwd /Users/simcl/dev/ws_git/ClubServer
31 error node -v v0.10.26
32 error npm -v 1.4.3
33 error code E404
34 verbose exit [ 1, true ]
